{
  "RSpec": {
    "coverage": {
      "/Users/ezzabousaif/Development/Projects/GamePlatform/config/environment.rb": [
        null,
        1,
        null,
        null,
        1
      ],
      "/Users/ezzabousaif/Development/Projects/GamePlatform/config/application.rb": [
        1,
        null,
        1,
        null,
        null,
        null,
        1,
        null,
        1,
        1,
        null,
        1,
        1,
        null,
        null,
        null,
        null,
        null,
        null,
        null
      ],
      "/Users/ezzabousaif/Development/Projects/GamePlatform/config/boot.rb": [
        1,
        null,
        1,
        1
      ],
      "/Users/ezzabousaif/Development/Projects/GamePlatform/config/environments/test.rb": [
        1,
        null,
        null,
        null,
        null,
        null,
        null,
        1,
        null,
        null,
        null,
        null,
        1,
        null,
        null,
        1,
        1,
        null,
        null,
        null,
        null,
        1,
        1,
        null,
        null,
        1,
        null,
        null,
        1,
        null,
        null,
        1,
        null,
        1,
        null,
        null,
        null,
        null,
        1,
        null,
        null,
        1,
        null,
        null,
        null,
        null
      ],
      "/Users/ezzabousaif/Development/Projects/GamePlatform/config/initializers/application_controller_renderer.rb": [
        null,
        null,
        null,
        null,
        null,
        null,
        null,
        null
      ],
      "/Users/ezzabousaif/Development/Projects/GamePlatform/config/initializers/assets.rb": [
        null,
        null,
        null,
        1,
        null,
        null,
        null,
        null,
        1,
        null,
        null,
        null,
        null,
        null,
        1,
        1,
        1
      ],
      "/Users/ezzabousaif/Development/Projects/GamePlatform/config/initializers/backtrace_silencers.rb": [
        null,
        null,
        null,
        null,
        null,
        null,
        null
      ],
      "/Users/ezzabousaif/Development/Projects/GamePlatform/config/initializers/content_security_policy.rb": [
        null,
        null,
        null,
        null,
        null,
        null,
        null,
        null,
        null,
        null,
        null,
        null,
        null,
        null,
        null,
        null,
        null,
        null,
        null,
        null,
        null,
        null,
        null,
        null,
        null
      ],
      "/Users/ezzabousaif/Development/Projects/GamePlatform/config/initializers/cookies_serializer.rb": [
        null,
        null,
        null,
        null,
        1
      ],
      "/Users/ezzabousaif/Development/Projects/GamePlatform/config/initializers/devise.rb": [
        null,
        null,
        null,
        null,
        1,
        null,
        null,
        null,
        null,
        null,
        null,
        null,
        null,
        null,
        null,
        null,
        null,
        null,
        null,
        null,
        1,
        null,
        null,
        null,
        null,
        null,
        null,
        null,
        null,
        null,
        null,
        null,
        1,
        null,
        null,
        null,
        null,
        null,
        null,
        null,
        null,
        null,
        null,
        null,
        null,
        null,
        null,
        null,
        null,
        null,
        null,
        null,
        null,
        null,
        1,
        null,
        null,
        null,
        null,
        1,
        null,
        null,
        null,
        null,
        null,
        null,
        null,
        null,
        null,
        null,
        null,
        null,
        null,
        null,
        null,
        null,
        null,
        null,
        null,
        null,
        null,
        null,
        null,
        null,
        null,
        null,
        null,
        null,
        null,
        null,
        1,
        null,
        null,
        null,
        null,
        null,
        null,
        null,
        null,
        null,
        null,
        null,
        null,
        null,
        null,
        null,
        null,
        null,
        null,
        null,
        null,
        null,
        null,
        1,
        null,
        null,
        null,
        null,
        null,
        null,
        null,
        null,
        null,
        null,
        null,
        null,
        null,
        null,
        null,
        null,
        null,
        null,
        null,
        null,
        null,
        null,
        null,
        null,
        null,
        null,
        null,
        null,
        null,
        null,
        null,
        null,
        null,
        1,
        null,
        null,
        null,
        null,
        null,
        null,
        null,
        null,
        null,
        1,
        null,
        null,
        null,
        null,
        null,
        null,
        null,
        null,
        null,
        null,
        1,
        null,
        null,
        null,
        null,
        1,
        null,
        null,
        null,
        null,
        null,
        null,
        null,
        null,
        null,
        null,
        null,
        null,
        null,
        null,
        null,
        null,
        null,
        null,
        null,
        null,
        null,
        null,
        null,
        null,
        null,
        null,
        null,
        null,
        null,
        null,
        null,
        null,
        null,
        null,
        null,
        null,
        null,
        null,
        null,
        null,
        1,
        1,
        null,
        null,
        null,
        null,
        null,
        null,
        null,
        null,
        null,
        null,
        null,
        null,
        null,
        null,
        null,
        null,
        null,
        null,
        null,
        null,
        null,
        null,
        null,
        null,
        null,
        null,
        null,
        null,
        null,
        null,
        null,
        null,
        null,
        null,
        null,
        null,
        null,
        null,
        null,
        null,
        null,
        1,
        null,
        null,
        null,
        null,
        null,
        null,
        null,
        null,
        null,
        null,
        null,
        null,
        null,
        null,
        null,
        null,
        null,
        null,
        null,
        null,
        null,
        null,
        null,
        null,
        null,
        null,
        null,
        null,
        null,
        null,
        null,
        null,
        null,
        null,
        null,
        null,
        null,
        null,
        null,
        null,
        null,
        null
      ],
      "/Users/ezzabousaif/Development/Projects/GamePlatform/config/initializers/filter_parameter_logging.rb": [
        null,
        null,
        null,
        1
      ],
      "/Users/ezzabousaif/Development/Projects/GamePlatform/config/initializers/inflections.rb": [
        null,
        null,
        null,
        null,
        null,
        null,
        null,
        null,
        null,
        null,
        null,
        null,
        null,
        null,
        null,
        null
      ],
      "/Users/ezzabousaif/Development/Projects/GamePlatform/config/initializers/mime_types.rb": [
        null,
        null,
        null,
        null
      ],
      "/Users/ezzabousaif/Development/Projects/GamePlatform/config/initializers/wrap_parameters.rb": [
        null,
        null,
        null,
        null,
        null,
        null,
        1,
        2,
        null,
        null,
        null,
        null,
        null,
        null
      ],
      "/Users/ezzabousaif/Development/Projects/GamePlatform/spec/factories/genres.rb": [
        1,
        1,
        6,
        null,
        null
      ],
      "/Users/ezzabousaif/Development/Projects/GamePlatform/spec/factories/play_sessions.rb": [
        1,
        1,
        2,
        1,
        1,
        null,
        null
      ],
      "/Users/ezzabousaif/Development/Projects/GamePlatform/spec/factories/players.rb": [
        1,
        1,
        5,
        5,
        5,
        5,
        5,
        null,
        null
      ],
      "/Users/ezzabousaif/Development/Projects/GamePlatform/spec/factories/video_games.rb": [
        1,
        1,
        3,
        3,
        3,
        3,
        1,
        null,
        null
      ],
      "/Users/ezzabousaif/Development/Projects/GamePlatform/config/routes.rb": [
        1,
        1,
        null,
        1,
        1,
        null,
        null,
        1,
        1,
        1,
        null,
        null,
        null,
        1,
        null,
        1,
        null
      ],
      "/Users/ezzabousaif/Development/Projects/GamePlatform/app/models/player.rb": [
        null,
        null,
        1,
        null,
        null,
        1,
        null,
        1,
        1,
        1,
        1,
        null,
        1,
        0,
        null,
        null
      ],
      "/Users/ezzabousaif/Development/Projects/GamePlatform/app/models/application_record.rb": [
        null,
        null,
        1,
        1,
        null
      ],
      "/Users/ezzabousaif/Development/Projects/GamePlatform/app/helpers/application_helper.rb": [
        null,
        null,
        1,
        null
      ],
      "/Users/ezzabousaif/Development/Projects/GamePlatform/app/helpers/games_helper.rb": [
        null,
        null,
        1,
        null
      ],
      "/Users/ezzabousaif/Development/Projects/GamePlatform/app/helpers/genre_helper.rb": [
        null,
        null,
        1,
        null
      ],
      "/Users/ezzabousaif/Development/Projects/GamePlatform/app/helpers/play_sessions_helper.rb": [
        null,
        null,
        1,
        null
      ],
      "/Users/ezzabousaif/Development/Projects/GamePlatform/app/helpers/players_helper.rb": [
        null,
        null,
        1,
        null
      ],
      "/Users/ezzabousaif/Development/Projects/GamePlatform/app/helpers/video_games_helper.rb": [
        null,
        null,
        1,
        null
      ],
      "/Users/ezzabousaif/Development/Projects/GamePlatform/spec/models/genre_spec.rb": [
        1,
        null,
        1,
        1,
        1,
        null,
        null,
        1,
        1,
        1,
        null,
        null
      ],
      "/Users/ezzabousaif/Development/Projects/GamePlatform/app/models/genre.rb": [
        null,
        null,
        1,
        1,
        null
      ],
      "/Users/ezzabousaif/Development/Projects/GamePlatform/spec/models/play_sessions_spec.rb": [
        1,
        null,
        1,
        1,
        1,
        null,
        null,
        1,
        2,
        null,
        null,
        1,
        2,
        null,
        null
      ],
      "/Users/ezzabousaif/Development/Projects/GamePlatform/app/models/play_session.rb": [
        null,
        null,
        1,
        1,
        1,
        1,
        1,
        0,
        0,
        null,
        null,
        1,
        0,
        null,
        null
      ],
      "/Users/ezzabousaif/Development/Projects/GamePlatform/spec/models/player_spec.rb": [
        1,
        null,
        1,
        null,
        1,
        1,
        null,
        null,
        1,
        2,
        2,
        2,
        2,
        2,
        null,
        null,
        1,
        2,
        null,
        null
      ],
      "/Users/ezzabousaif/Development/Projects/GamePlatform/spec/models/video_game_spec.rb": [
        1,
        null,
        1,
        1,
        1,
        1,
        null,
        null,
        1,
        2,
        2,
        2,
        2,
        2,
        null,
        null,
        1,
        2,
        null,
        null
      ],
      "/Users/ezzabousaif/Development/Projects/GamePlatform/app/models/video_game.rb": [
        null,
        null,
        1,
        1,
        1,
        1,
        1,
        2,
        null
      ],
      "/Users/ezzabousaif/Development/Projects/GamePlatform/spec/requests/session_request_spec.rb": [
        1,
        1,
        1,
        1,
        null,
        1,
        1,
        1,
        null,
        null
      ],
      "/Users/ezzabousaif/Development/Projects/GamePlatform/spec/requests/video_game_request_spec.rb": [
        1,
        null,
        1,
        null,
        1,
        1,
        1,
        1,
        1,
        null,
        null,
        1,
        1,
        1,
        null,
        null
      ],
      "/Users/ezzabousaif/Development/Projects/GamePlatform/spec/system/video_game_system_spec.rb": [
        1,
        null,
        1,
        1,
        1,
        null,
        null,
        1,
        1,
        1,
        null,
        1,
        1,
        1,
        1,
        1,
        1,
        null,
        1,
        1,
        null,
        null
      ],
      "/Users/ezzabousaif/Development/Projects/GamePlatform/app/controllers/players_controller.rb": [
        null,
        null,
        1,
        1,
        null,
        1,
        1,
        null,
        null,
        1,
        0,
        null,
        null,
        1,
        0,
        0,
        null,
        null,
        1,
        0,
        0,
        0,
        null,
        0,
        null,
        null,
        null,
        1,
        0,
        null,
        null,
        1,
        0,
        0,
        0,
        0,
        0,
        null,
        null,
        0,
        null,
        null,
        null,
        1,
        null,
        1,
        0,
        null,
        null,
        null,
        null,
        null,
        null,
        null,
        null,
        null
      ],
      "/Users/ezzabousaif/Development/Projects/GamePlatform/app/controllers/application_controller.rb": [
        null,
        null,
        1,
        1,
        null,
        1,
        null,
        1,
        1,
        null,
        null,
        null,
        null
      ],
      "/Users/ezzabousaif/Development/Projects/GamePlatform/app/controllers/video_games_controller.rb": [
        null,
        null,
        1,
        1,
        1,
        1,
        1,
        null,
        0,
        null,
        null,
        null,
        1,
        0,
        null,
        null,
        1,
        2,
        null,
        null,
        1,
        1,
        1,
        2,
        1,
        0,
        null,
        null,
        null,
        null,
        1,
        1,
        1,
        1,
        null,
        0,
        null,
        null,
        null,
        1,
        0,
        null,
        null,
        1,
        0,
        0,
        0,
        null,
        0,
        null,
        null,
        null,
        1,
        0,
        0,
        null,
        0,
        null,
        null,
        1,
        null,
        1,
        1,
        null,
        null,
        null,
        null,
        null,
        null,
        null,
        null
      ]
    },
    "timestamp": 1563300029
  }
}
